2024-12-19 18:41:04,645 - 日志模块.py [line:50] - DEBUG - This is a debug message
2024-12-19 18:41:04,645 - 日志模块.py [line:51] - INFO - This is an info message
2024-12-19 18:41:04,645 - 日志模块.py [line:52] - WARNING - This is a warning message
2024-12-19 18:41:04,646 - 日志模块.py [line:53] - ERROR - This is an error message
2024-12-19 18:41:04,646 - 日志模块.py [line:54] - CRITICAL - This is a critical message
2024-12-19 18:42:58,573 - 日志模块.py [line:50] - DEBUG - This is a debug message
2024-12-19 18:42:58,573 - 日志模块.py [line:51] - INFO - This is an info message
2024-12-19 18:42:58,574 - 日志模块.py [line:52] - WARNING - This is a warning message
2024-12-19 18:42:58,574 - 日志模块.py [line:53] - ERROR - This is an error message
2024-12-19 18:42:58,574 - 日志模块.py [line:54] - CRITICAL - This is a critical message
2024-12-19 18:43:04,681 - 日志模块.py [line:50] - DEBUG - This is a debug message
2024-12-19 18:43:04,681 - 日志模块.py [line:51] - INFO - This is an info message
2024-12-19 18:43:04,682 - 日志模块.py [line:52] - WARNING - This is a warning message
2024-12-19 18:43:04,682 - 日志模块.py [line:53] - ERROR - This is an error message
2024-12-19 18:43:04,682 - 日志模块.py [line:54] - CRITICAL - This is a critical message
2024-12-19 18:43:06,758 - 日志模块.py [line:50] - DEBUG - This is a debug message
2024-12-19 18:43:06,759 - 日志模块.py [line:51] - INFO - This is an info message
2024-12-19 18:43:06,759 - 日志模块.py [line:52] - WARNING - This is a warning message
2024-12-19 18:43:06,759 - 日志模块.py [line:53] - ERROR - This is an error message
2024-12-19 18:43:06,759 - 日志模块.py [line:54] - CRITICAL - This is a critical message
